Info: Nothing to build for EX1
Info: Nothing to build for EX1
01:15:58 **** Incremental Build of configuration Debug for project EX1 ****
Info: Configuration "Debug" uses tool-chain "MinGW GCC" that is unsupported on this system, attempting to build anyway.
Info: Internal Builder is used for build
gcc -O0 -g3 -Wall -c -fmessage-length=0 -o even_or_odd.o "..\\even_or_odd.c" 
gcc -o EX1.exe even_or_odd.o 
01:16:12 **** Incremental Build of configuration Debug for project EX1 ****
Info: Configuration "Debug" uses tool-chain "MinGW GCC" that is unsupported on this system, attempting to build anyway.
Info: Internal Builder is used for build
gcc -O0 -g3 -Wall -c -fmessage-length=0 -o even_or_odd.o "..\\even_or_odd.c" 
gcc -o EX1.exe even_or_odd.o 
Info: Nothing to build for EX1
Info: Nothing to build for EX1
Info: Nothing to build for EX1
01:23:20 **** Rebuild of configuration Debug for project EX2 ****
Info: Configuration "Debug" uses tool-chain "MinGW GCC" that is unsupported on this system, attempting to build anyway.
Info: Internal Builder is used for build
gcc -O0 -g3 -Wall -c -fmessage-length=0 -o v_or_c.o "..\\v_or_c.c" 
gcc -o EX2.exe v_or_c.o 
Info: Nothing to build for EX2
Info: Nothing to build for EX2
Info: Nothing to build for EX1
01:24:04 **** Incremental Build of configuration Debug for project EX2 ****
Info: Configuration "Debug" uses tool-chain "MinGW GCC" that is unsupported on this system, attempting to build anyway.
Info: Internal Builder is used for build
gcc -O0 -g3 -Wall -c -fmessage-length=0 -o v_or_c.o "..\\v_or_c.c" 
..\v_or_c.c: In function 'main':
..\v_or_c.c:10:9: warning: implicit declaration of function 'tolower' [-Wimplicit-function-declaration]
  switch(tolower(in)){
         ^~~~~~~
gcc -o EX2.exe v_or_c.o 
Info: Nothing to build for EX1
01:24:45 **** Incremental Build of configuration Debug for project EX2 ****
Info: Configuration "Debug" uses tool-chain "MinGW GCC" that is unsupported on this system, attempting to build anyway.
Info: Internal Builder is used for build
gcc -O0 -g3 -Wall -c -fmessage-length=0 -o v_or_c.o "..\\v_or_c.c" 
gcc -o EX2.exe v_or_c.o 
Info: Nothing to build for EX2
Info: Nothing to build for EX2
Info: Nothing to build for EX2
12:49:17 **** Rebuild of configuration Debug for project EX1 ****
Info: Configuration "Debug" uses tool-chain "MinGW GCC" that is unsupported on this system, attempting to build anyway.
Info: Internal Builder is used for build
gcc -O0 -g3 -Wall -c -fmessage-length=0 -o even_or_odd.o "..\\even_or_odd.c" 
gcc -o EX1.exe even_or_odd.o 
12:49:20 **** Rebuild of configuration Debug for project EX2 ****
Info: Configuration "Debug" uses tool-chain "MinGW GCC" that is unsupported on this system, attempting to build anyway.
Info: Internal Builder is used for build
gcc -O0 -g3 -Wall -c -fmessage-length=0 -o v_or_c.o "..\\v_or_c.c" 
gcc -o EX2.exe v_or_c.o 
12:49:20 **** Rebuild of configuration Debug for project EX3 ****
Info: Configuration "Debug" uses tool-chain "MinGW GCC" that is unsupported on this system, attempting to build anyway.
Info: Internal Builder is used for build
gcc -O0 -g3 -Wall -c -fmessage-length=0 -o largest_number.o "..\\largest_number.c" 
gcc -o EX3.exe largest_number.o 
Info: Nothing to build for EX3
Info: Nothing to build for EX1
Info: Nothing to build for EX2
12:50:46 **** Incremental Build of configuration Debug for project EX3 ****
Info: Configuration "Debug" uses tool-chain "MinGW GCC" that is unsupported on this system, attempting to build anyway.
Info: Internal Builder is used for build
gcc -O0 -g3 -Wall -c -fmessage-length=0 -o largest_number.o "..\\largest_number.c" 
gcc -o EX3.exe largest_number.o 
Info: Nothing to build for EX3
Info: Nothing to build for EX1
Info: Nothing to build for EX2
Info: Nothing to build for EX3
12:55:34 **** Rebuild of configuration Debug for project EX4 ****
Info: Configuration "Debug" uses tool-chain "MinGW GCC" that is unsupported on this system, attempting to build anyway.
Info: Internal Builder is used for build
gcc -O0 -g3 -Wall -c -fmessage-length=0 -o pos_or_neg.o "..\\pos_or_neg.c" 
gcc -o EX4.exe pos_or_neg.o 
Info: Nothing to build for EX4
Info: Nothing to build for EX4
Info: Nothing to build for EX1
Info: Nothing to build for EX2
Info: Nothing to build for EX3
Info: Nothing to build for EX4
13:00:12 **** Rebuild of configuration Debug for project EX5 ****
Info: Configuration "Debug" uses tool-chain "MinGW GCC" that is unsupported on this system, attempting to build anyway.
Info: Internal Builder is used for build
gcc -O0 -g3 -Wall -c -fmessage-length=0 -o is_alpha.o "..\\is_alpha.c" 
..\is_alpha.c: In function 'main':
..\is_alpha.c:10:10: warning: format '%f' expects argument of type 'float *', but argument 2 has type 'char *' [-Wformat=]
  scanf("%f",&in);
         ~^  ~~~
         %c
..\is_alpha.c:10:10: warning: format '%f' expects argument of type 'float *', but argument 2 has type 'char *' [-Wformat=]
  scanf("%f",&in);
         ~^  ~~~
         %c
..\is_alpha.c:12:5: warning: implicit declaration of function 'isalpha' [-Wimplicit-function-declaration]
  if(isalpha(in))
     ^~~~~~~
gcc -o EX5.exe is_alpha.o 
Info: Nothing to build for EX1
Info: Nothing to build for EX2
Info: Nothing to build for EX3
Info: Nothing to build for EX4
13:00:37 **** Incremental Build of configuration Debug for project EX5 ****
Info: Configuration "Debug" uses tool-chain "MinGW GCC" that is unsupported on this system, attempting to build anyway.
Info: Internal Builder is used for build
gcc -O0 -g3 -Wall -c -fmessage-length=0 -o is_alpha.o "..\\is_alpha.c" 
gcc -o EX5.exe is_alpha.o 
Info: Nothing to build for EX5
Info: Nothing to build for EX5
Info: Nothing to build for EX1
Info: Nothing to build for EX2
Info: Nothing to build for EX3
Info: Nothing to build for EX4
13:06:36 **** Incremental Build of configuration Debug for project EX5 ****
Info: Configuration "Debug" uses tool-chain "MinGW GCC" that is unsupported on this system, attempting to build anyway.
Info: Internal Builder is used for build
gcc -O0 -g3 -Wall -c -fmessage-length=0 -o is_alpha.o "..\\is_alpha.c" 
gcc -o EX5.exe is_alpha.o 
13:06:37 **** Rebuild of configuration Debug for project EX6 ****
Info: Configuration "Debug" uses tool-chain "MinGW GCC" that is unsupported on this system, attempting to build anyway.
Info: Internal Builder is used for build
gcc -O0 -g3 -Wall -c -fmessage-length=0 -o sum_numbers.o "..\\sum_numbers.c" 
gcc -o EX6.exe sum_numbers.o 
Info: Nothing to build for EX6
Info: Nothing to build for EX1
Info: Nothing to build for EX2
Info: Nothing to build for EX3
Info: Nothing to build for EX4
Info: Nothing to build for EX5
13:07:01 **** Incremental Build of configuration Debug for project EX6 ****
Info: Configuration "Debug" uses tool-chain "MinGW GCC" that is unsupported on this system, attempting to build anyway.
Info: Internal Builder is used for build
gcc -O0 -g3 -Wall -c -fmessage-length=0 -o sum_numbers.o "..\\sum_numbers.c" 
gcc -o EX6.exe sum_numbers.o 
Info: Nothing to build for EX6
Info: Nothing to build for EX1
Info: Nothing to build for EX2
Info: Nothing to build for EX3
Info: Nothing to build for EX4
Info: Nothing to build for EX5
Info: Nothing to build for EX6
13:12:27 **** Rebuild of configuration Debug for project EX7 ****
Info: Configuration "Debug" uses tool-chain "MinGW GCC" that is unsupported on this system, attempting to build anyway.
Info: Internal Builder is used for build
gcc -O0 -g3 -Wall -c -fmessage-length=0 -o factorial.o "..\\factorial.c" 
gcc -o EX7.exe factorial.o 
Info: Nothing to build for EX7
Info: Nothing to build for EX7
Info: Nothing to build for EX1
Info: Nothing to build for EX2
Info: Nothing to build for EX3
Info: Nothing to build for EX4
Info: Nothing to build for EX5
Info: Nothing to build for EX6
Info: Nothing to build for EX7
13:34:53 **** Rebuild of configuration Debug for project EX8 ****
Info: Configuration "Debug" uses tool-chain "MinGW GCC" that is unsupported on this system, attempting to build anyway.
Info: Internal Builder is used for build
gcc -O0 -g3 -Wall -c -fmessage-length=0 -o calculator.o "..\\calculator.c" 
..\calculator.c: In function 'main':
..\calculator.c:33:36: error: type mismatch in conditional expression
   result = (num2 != 0)? num1 / num2: NULL;
                                    ^
..\calculator.c:36:10: error: incompatible types when assigning to type 'float' from type 'void *'
   result = NULL;
          ^
..\calculator.c:40:12: error: invalid operands to binary == (have 'float' and 'void *')
  if(result == NULL)
            ^~
Info: Nothing to build for EX1
Info: Nothing to build for EX2
Info: Nothing to build for EX3
Info: Nothing to build for EX4
Info: Nothing to build for EX5
Info: Nothing to build for EX6
Info: Nothing to build for EX7
13:37:39 **** Incremental Build of configuration Debug for project EX8 ****
Info: Configuration "Debug" uses tool-chain "MinGW GCC" that is unsupported on this system, attempting to build anyway.
Info: Internal Builder is used for build
gcc -O0 -g3 -Wall -c -fmessage-length=0 -o calculator.o "..\\calculator.c" 
gcc -o EX8.exe calculator.o 
Info: Nothing to build for EX8
Info: Nothing to build for EX8
Info: Nothing to build for EX1
Info: Nothing to build for EX2
Info: Nothing to build for EX3
Info: Nothing to build for EX4
Info: Nothing to build for EX5
Info: Nothing to build for EX6
Info: Nothing to build for EX7
13:39:07 **** Incremental Build of configuration Debug for project EX8 ****
Info: Configuration "Debug" uses tool-chain "MinGW GCC" that is unsupported on this system, attempting to build anyway.
Info: Internal Builder is used for build
gcc -O0 -g3 -Wall -c -fmessage-length=0 -o calculator.o "..\\calculator.c" 
gcc -o EX8.exe calculator.o 
Info: Nothing to build for EX8
Info: Nothing to build for EX8
Info: Nothing to build for EX1
Info: Nothing to build for EX2
Info: Nothing to build for EX3
Info: Nothing to build for EX4
Info: Nothing to build for EX5
Info: Nothing to build for EX6
Info: Nothing to build for EX7
14:20:58 **** Incremental Build of configuration Debug for project EX8 ****
Info: Configuration "Debug" uses tool-chain "MinGW GCC" that is unsupported on this system, attempting to build anyway.
Info: Internal Builder is used for build
gcc -O0 -g3 -Wall -c -fmessage-length=0 -o calculator.o "..\\calculator.c" 
gcc -o EX8.exe calculator.o 
Info: Nothing to build for EX8
Info: Nothing to build for EX1
Info: Nothing to build for EX2
Info: Nothing to build for EX3
Info: Nothing to build for EX4
Info: Nothing to build for EX5
Info: Nothing to build for EX6
Info: Nothing to build for EX7
14:25:57 **** Incremental Build of configuration Debug for project EX8 ****
Info: Configuration "Debug" uses tool-chain "MinGW GCC" that is unsupported on this system, attempting to build anyway.
Info: Internal Builder is used for build
gcc -O0 -g3 -Wall -c -fmessage-length=0 -o calculator.o "..\\calculator.c" 
..\calculator.c: In function 'main':
..\calculator.c:53:8: error: lvalue required as left operand of assignment
  3 + a =b;
        ^
Info: Nothing to build for EX1
Info: Nothing to build for EX2
Info: Nothing to build for EX3
Info: Nothing to build for EX4
Info: Nothing to build for EX5
Info: Nothing to build for EX6
Info: Nothing to build for EX7
14:30:19 **** Incremental Build of configuration Debug for project EX8 ****
Info: Configuration "Debug" uses tool-chain "MinGW GCC" that is unsupported on this system, attempting to build anyway.
Info: Internal Builder is used for build
gcc -O0 -g3 -Wall -c -fmessage-length=0 -o calculator.o "..\\calculator.c" 
..\calculator.c: In function 'main':
..\calculator.c:51:6: warning: unused variable 'b' [-Wunused-variable]
  int b;
      ^
gcc -o EX8.exe calculator.o 
Info: Nothing to build for EX8
Info: Nothing to build for EX1
Info: Nothing to build for EX2
Info: Nothing to build for EX3
Info: Nothing to build for EX4
Info: Nothing to build for EX5
Info: Nothing to build for EX6
Info: Nothing to build for EX7
Info: Nothing to build for EX8
14:37:04 **** Incremental Build of configuration Debug for project EX8 ****
Info: Configuration "Debug" uses tool-chain "MinGW GCC" that is unsupported on this system, attempting to build anyway.
Info: Internal Builder is used for build
gcc -O0 -g3 -Wall -c -fmessage-length=0 -o calculator.o "..\\calculator.c" 
..\calculator.c: In function 'main':
..\calculator.c:55:11: warning: format '%d' expects argument of type 'int', but argument 2 has type 'long long unsigned int' [-Wformat=]
  printf("%d",sizeof(k/=5+10));
          ~^  ~~~~~~~~~~~~~~~
          %I64d
..\calculator.c:55:11: warning: format '%d' expects argument of type 'int', but argument 2 has type 'long long unsigned int' [-Wformat=]
  printf("%d",sizeof(k/=5+10));
          ~^  ~~~~~~~~~~~~~~~
          %I64d
..\calculator.c:51:6: warning: unused variable 'b' [-Wunused-variable]
  int b;
      ^
gcc -o EX8.exe calculator.o 
Info: Nothing to build for EX1
Info: Nothing to build for EX2
Info: Nothing to build for EX3
Info: Nothing to build for EX4
Info: Nothing to build for EX5
Info: Nothing to build for EX6
Info: Nothing to build for EX7
14:37:47 **** Incremental Build of configuration Debug for project EX8 ****
Info: Configuration "Debug" uses tool-chain "MinGW GCC" that is unsupported on this system, attempting to build anyway.
Info: Internal Builder is used for build
gcc -O0 -g3 -Wall -c -fmessage-length=0 -o calculator.o "..\\calculator.c" 
..\calculator.c: In function 'main':
..\calculator.c:55:11: warning: format '%d' expects argument of type 'int', but argument 2 has type 'long long unsigned int' [-Wformat=]
  printf("%d %d",sizeof(k/=5+10), k);
          ~^     ~~~~~~~~~~~~~~~
          %I64d
..\calculator.c:55:11: warning: format '%d' expects argument of type 'int', but argument 2 has type 'long long unsigned int' [-Wformat=]
  printf("%d %d",sizeof(k/=5+10), k);
          ~^     ~~~~~~~~~~~~~~~
          %I64d
..\calculator.c:51:6: warning: unused variable 'b' [-Wunused-variable]
  int b;
      ^
gcc -o EX8.exe calculator.o 
Info: Nothing to build for EX8
Info: Nothing to build for EX1
Info: Nothing to build for EX2
Info: Nothing to build for EX3
Info: Nothing to build for EX4
Info: Nothing to build for EX5
Info: Nothing to build for EX6
Info: Nothing to build for EX7
14:41:21 **** Incremental Build of configuration Debug for project EX8 ****
Info: Configuration "Debug" uses tool-chain "MinGW GCC" that is unsupported on this system, attempting to build anyway.
Info: Internal Builder is used for build
gcc -O0 -g3 -Wall -c -fmessage-length=0 -o calculator.o "..\\calculator.c" 
gcc -o EX8.exe calculator.o 
Info: Nothing to build for EX8
Info: Nothing to build for EX1
Info: Nothing to build for EX2
Info: Nothing to build for EX3
Info: Nothing to build for EX4
Info: Nothing to build for EX5
Info: Nothing to build for EX6
Info: Nothing to build for EX7
14:43:00 **** Incremental Build of configuration Debug for project EX8 ****
Info: Configuration "Debug" uses tool-chain "MinGW GCC" that is unsupported on this system, attempting to build anyway.
Info: Internal Builder is used for build
gcc -O0 -g3 -Wall -c -fmessage-length=0 -o calculator.o "..\\calculator.c" 
..\calculator.c: In function 'main':
..\calculator.c:51:6: warning: comparisons like 'X<=Y<=Z' do not have their mathematical meaning [-Wparentheses]
  if(a<b<c)
     ~^~
gcc -o EX8.exe calculator.o 
Info: Nothing to build for EX8
Info: Nothing to build for EX1
Info: Nothing to build for EX2
Info: Nothing to build for EX3
Info: Nothing to build for EX4
Info: Nothing to build for EX5
Info: Nothing to build for EX6
Info: Nothing to build for EX7
14:43:31 **** Incremental Build of configuration Debug for project EX8 ****
Info: Configuration "Debug" uses tool-chain "MinGW GCC" that is unsupported on this system, attempting to build anyway.
Info: Internal Builder is used for build
gcc -O0 -g3 -Wall -c -fmessage-length=0 -o calculator.o "..\\calculator.c" 
..\calculator.c: In function 'main':
..\calculator.c:51:6: warning: comparisons like 'X<=Y<=Z' do not have their mathematical meaning [-Wparentheses]
  if(a<b<c)
     ~^~
gcc -o EX8.exe calculator.o 
Info: Nothing to build for EX8
Info: Nothing to build for EX1
Info: Nothing to build for EX2
Info: Nothing to build for EX3
Info: Nothing to build for EX4
Info: Nothing to build for EX5
Info: Nothing to build for EX6
Info: Nothing to build for EX7
14:43:48 **** Incremental Build of configuration Debug for project EX8 ****
Info: Configuration "Debug" uses tool-chain "MinGW GCC" that is unsupported on this system, attempting to build anyway.
Info: Internal Builder is used for build
gcc -O0 -g3 -Wall -c -fmessage-length=0 -o calculator.o "..\\calculator.c" 
..\calculator.c: In function 'main':
..\calculator.c:51:6: warning: comparisons like 'X<=Y<=Z' do not have their mathematical meaning [-Wparentheses]
  if(a<b<c)
     ~^~
..\calculator.c:54:3: warning: implicit declaration of function 'print'; did you mean 'printf'? [-Wimplicit-function-declaration]
   print("FALSE");
   ^~~~~
   printf
gcc -o EX8.exe calculator.o 
calculator.o: In function `main':
E:\embedded diploma\REPO\Assignment2\EX8\Debug/../calculator.c:54: undefined reference to `print'
collect2.exe: error: ld returned 1 exit status
Info: Nothing to build for EX1
Info: Nothing to build for EX2
Info: Nothing to build for EX3
Info: Nothing to build for EX4
Info: Nothing to build for EX5
Info: Nothing to build for EX6
Info: Nothing to build for EX7
14:43:54 **** Incremental Build of configuration Debug for project EX8 ****
Info: Configuration "Debug" uses tool-chain "MinGW GCC" that is unsupported on this system, attempting to build anyway.
Info: Internal Builder is used for build
gcc -O0 -g3 -Wall -c -fmessage-length=0 -o calculator.o "..\\calculator.c" 
..\calculator.c: In function 'main':
..\calculator.c:51:6: warning: comparisons like 'X<=Y<=Z' do not have their mathematical meaning [-Wparentheses]
  if(a<b<c)
     ~^~
gcc -o EX8.exe calculator.o 
14:44:18 **** Incremental Build of configuration Debug for project EX8 ****
Info: Configuration "Debug" uses tool-chain "MinGW GCC" that is unsupported on this system, attempting to build anyway.
Info: Internal Builder is used for build
gcc -O0 -g3 -Wall -c -fmessage-length=0 -o calculator.o "..\\calculator.c" 
..\calculator.c: In function 'main':
..\calculator.c:51:6: warning: comparisons like 'X<=Y<=Z' do not have their mathematical meaning [-Wparentheses]
  if(a<b<c)
     ~^~
gcc -o EX8.exe calculator.o 
Info: Nothing to build for EX1
Info: Nothing to build for EX2
Info: Nothing to build for EX3
Info: Nothing to build for EX4
Info: Nothing to build for EX5
Info: Nothing to build for EX6
Info: Nothing to build for EX7
14:44:27 **** Incremental Build of configuration Debug for project EX8 ****
Info: Configuration "Debug" uses tool-chain "MinGW GCC" that is unsupported on this system, attempting to build anyway.
Info: Internal Builder is used for build
gcc -O0 -g3 -Wall -c -fmessage-length=0 -o calculator.o "..\\calculator.c" 
..\calculator.c: In function 'main':
..\calculator.c:51:6: warning: comparisons like 'X<=Y<=Z' do not have their mathematical meaning [-Wparentheses]
  if(a<b<c)
     ~^~
gcc -o EX8.exe calculator.o 
Info: Nothing to build for EX8
Info: Nothing to build for EX1
Info: Nothing to build for EX2
Info: Nothing to build for EX3
Info: Nothing to build for EX4
Info: Nothing to build for EX5
Info: Nothing to build for EX6
Info: Nothing to build for EX7
14:44:36 **** Incremental Build of configuration Debug for project EX8 ****
Info: Configuration "Debug" uses tool-chain "MinGW GCC" that is unsupported on this system, attempting to build anyway.
Info: Internal Builder is used for build
gcc -O0 -g3 -Wall -c -fmessage-length=0 -o calculator.o "..\\calculator.c" 
..\calculator.c: In function 'main':
..\calculator.c:51:6: warning: comparisons like 'X<=Y<=Z' do not have their mathematical meaning [-Wparentheses]
  if(a<b<c)
     ~^~
gcc -o EX8.exe calculator.o 
Info: Nothing to build for EX8
Info: Nothing to build for EX1
Info: Nothing to build for EX2
Info: Nothing to build for EX3
Info: Nothing to build for EX4
Info: Nothing to build for EX5
Info: Nothing to build for EX6
Info: Nothing to build for EX7
14:44:45 **** Incremental Build of configuration Debug for project EX8 ****
Info: Configuration "Debug" uses tool-chain "MinGW GCC" that is unsupported on this system, attempting to build anyway.
Info: Internal Builder is used for build
gcc -O0 -g3 -Wall -c -fmessage-length=0 -o calculator.o "..\\calculator.c" 
..\calculator.c: In function 'main':
..\calculator.c:51:6: warning: comparisons like 'X<=Y<=Z' do not have their mathematical meaning [-Wparentheses]
  if(a<b<c)
     ~^~
gcc -o EX8.exe calculator.o 
Info: Nothing to build for EX8
Info: Nothing to build for EX1
Info: Nothing to build for EX2
Info: Nothing to build for EX3
Info: Nothing to build for EX4
Info: Nothing to build for EX5
Info: Nothing to build for EX6
Info: Nothing to build for EX7
14:46:33 **** Incremental Build of configuration Debug for project EX8 ****
Info: Configuration "Debug" uses tool-chain "MinGW GCC" that is unsupported on this system, attempting to build anyway.
Info: Internal Builder is used for build
gcc -O0 -g3 -Wall -c -fmessage-length=0 -o calculator.o "..\\calculator.c" 
gcc -o EX8.exe calculator.o 
Info: Nothing to build for EX8
Info: Nothing to build for EX1
Info: Nothing to build for EX2
Info: Nothing to build for EX3
Info: Nothing to build for EX4
Info: Nothing to build for EX5
Info: Nothing to build for EX6
Info: Nothing to build for EX7
14:46:55 **** Incremental Build of configuration Debug for project EX8 ****
Info: Configuration "Debug" uses tool-chain "MinGW GCC" that is unsupported on this system, attempting to build anyway.
Info: Internal Builder is used for build
gcc -O0 -g3 -Wall -c -fmessage-length=0 -o calculator.o "..\\calculator.c" 
gcc -o EX8.exe calculator.o 
Info: Nothing to build for EX8
Info: Nothing to build for EX1
Info: Nothing to build for EX2
Info: Nothing to build for EX3
Info: Nothing to build for EX4
Info: Nothing to build for EX5
Info: Nothing to build for EX6
Info: Nothing to build for EX7
14:54:17 **** Incremental Build of configuration Debug for project EX8 ****
Info: Configuration "Debug" uses tool-chain "MinGW GCC" that is unsupported on this system, attempting to build anyway.
Info: Internal Builder is used for build
gcc -O0 -g3 -Wall -c -fmessage-length=0 -o calculator.o "..\\calculator.c" 
gcc -o EX8.exe calculator.o 
Info: Nothing to build for EX8
Info: Nothing to build for EX1
Info: Nothing to build for EX2
Info: Nothing to build for EX3
Info: Nothing to build for EX4
Info: Nothing to build for EX5
Info: Nothing to build for EX6
Info: Nothing to build for EX7
14:55:44 **** Incremental Build of configuration Debug for project EX8 ****
Info: Configuration "Debug" uses tool-chain "MinGW GCC" that is unsupported on this system, attempting to build anyway.
Info: Internal Builder is used for build
gcc -O0 -g3 -Wall -c -fmessage-length=0 -o calculator.o "..\\calculator.c" 
..\calculator.c: In function 'main':
..\calculator.c:50:14: warning: suggest parentheses around '+' inside '<<' [-Wparentheses]
 printf("%d",1<<2+3<<4);
              ^~
gcc -o EX8.exe calculator.o 
14:56:03 **** Incremental Build of configuration Debug for project EX8 ****
Info: Configuration "Debug" uses tool-chain "MinGW GCC" that is unsupported on this system, attempting to build anyway.
Info: Internal Builder is used for build
gcc -O0 -g3 -Wall -c -fmessage-length=0 -o calculator.o "..\\calculator.c" 
..\calculator.c: In function 'main':
..\calculator.c:50:14: warning: suggest parentheses around '+' inside '<<' [-Wparentheses]
 printf("%d",1<<2 + 3<<4);
              ^~
gcc -o EX8.exe calculator.o 
Info: Nothing to build for EX1
Info: Nothing to build for EX2
Info: Nothing to build for EX3
Info: Nothing to build for EX4
Info: Nothing to build for EX5
Info: Nothing to build for EX6
Info: Nothing to build for EX7
14:56:54 **** Incremental Build of configuration Debug for project EX8 ****
Info: Configuration "Debug" uses tool-chain "MinGW GCC" that is unsupported on this system, attempting to build anyway.
Info: Internal Builder is used for build
gcc -O0 -g3 -Wall -c -fmessage-length=0 -o calculator.o "..\\calculator.c" 
..\calculator.c: In function 'main':
..\calculator.c:50:15: warning: suggest parentheses around '+' inside '<<' [-Wparentheses]
 printf("%d",1 << 2 + 3 << 4);
               ^~
gcc -o EX8.exe calculator.o 
Info: Nothing to build for EX8
Info: Nothing to build for EX1
Info: Nothing to build for EX2
Info: Nothing to build for EX3
Info: Nothing to build for EX4
Info: Nothing to build for EX5
Info: Nothing to build for EX6
Info: Nothing to build for EX7
14:57:15 **** Incremental Build of configuration Debug for project EX8 ****
Info: Configuration "Debug" uses tool-chain "MinGW GCC" that is unsupported on this system, attempting to build anyway.
Info: Internal Builder is used for build
gcc -O0 -g3 -Wall -c -fmessage-length=0 -o calculator.o "..\\calculator.c" 
..\calculator.c: In function 'main':
..\calculator.c:50:22: error: expected expression before ')' token
 printf("%d",1 << 2 (+) 3 << 4);
                      ^
..\calculator.c:50:18: error: called object is not a function or function pointer
 printf("%d",1 << 2 (+) 3 << 4);
                  ^
Info: Nothing to build for EX1
Info: Nothing to build for EX2
Info: Nothing to build for EX3
Info: Nothing to build for EX4
Info: Nothing to build for EX5
Info: Nothing to build for EX6
Info: Nothing to build for EX7
14:57:24 **** Incremental Build of configuration Debug for project EX8 ****
Info: Configuration "Debug" uses tool-chain "MinGW GCC" that is unsupported on this system, attempting to build anyway.
Info: Internal Builder is used for build
gcc -O0 -g3 -Wall -c -fmessage-length=0 -o calculator.o "..\\calculator.c" 
..\calculator.c: In function 'main':
..\calculator.c:50:15: warning: suggest parentheses around '+' inside '<<' [-Wparentheses]
 printf("%d",1 << 2 + 3 << 4);
               ^~
gcc -o EX8.exe calculator.o 
Info: Nothing to build for EX1
Info: Nothing to build for EX2
Info: Nothing to build for EX3
Info: Nothing to build for EX4
Info: Nothing to build for EX5
Info: Nothing to build for EX6
Info: Nothing to build for EX7
14:57:48 **** Incremental Build of configuration Debug for project EX8 ****
Info: Configuration "Debug" uses tool-chain "MinGW GCC" that is unsupported on this system, attempting to build anyway.
Info: Internal Builder is used for build
gcc -O0 -g3 -Wall -c -fmessage-length=0 -o calculator.o "..\\calculator.c" 
gcc -o EX8.exe calculator.o 
Info: Nothing to build for EX8
Info: Nothing to build for EX1
Info: Nothing to build for EX2
Info: Nothing to build for EX3
Info: Nothing to build for EX4
Info: Nothing to build for EX5
Info: Nothing to build for EX6
Info: Nothing to build for EX7
15:00:26 **** Incremental Build of configuration Debug for project EX8 ****
Info: Configuration "Debug" uses tool-chain "MinGW GCC" that is unsupported on this system, attempting to build anyway.
Info: Internal Builder is used for build
gcc -O0 -g3 -Wall -c -fmessage-length=0 -o calculator.o "..\\calculator.c" 
..\calculator.c: In function 'main':
..\calculator.c:50:11: warning: left-hand operand of comma expression has no effect [-Wunused-value]
 int i = (1,2,3);
           ^
..\calculator.c:50:13: warning: left-hand operand of comma expression has no effect [-Wunused-value]
 int i = (1,2,3);
             ^
gcc -o EX8.exe calculator.o 
Info: Nothing to build for EX8
Info: Nothing to build for EX1
Info: Nothing to build for EX2
Info: Nothing to build for EX3
Info: Nothing to build for EX4
Info: Nothing to build for EX5
Info: Nothing to build for EX6
Info: Nothing to build for EX7
15:01:38 **** Incremental Build of configuration Debug for project EX8 ****
Info: Configuration "Debug" uses tool-chain "MinGW GCC" that is unsupported on this system, attempting to build anyway.
Info: Internal Builder is used for build
gcc -O0 -g3 -Wall -c -fmessage-length=0 -o calculator.o "..\\calculator.c" 
..\calculator.c: In function 'main':
..\calculator.c:51:19: error: lvalue required as increment operand
  printf("%d",(++i)++);
                   ^~
Info: Nothing to build for EX1
Info: Nothing to build for EX2
Info: Nothing to build for EX3
Info: Nothing to build for EX4
Info: Nothing to build for EX5
Info: Nothing to build for EX6
Info: Nothing to build for EX7
15:03:17 **** Incremental Build of configuration Debug for project EX8 ****
Info: Configuration "Debug" uses tool-chain "MinGW GCC" that is unsupported on this system, attempting to build anyway.
Info: Internal Builder is used for build
gcc -O0 -g3 -Wall -c -fmessage-length=0 -o calculator.o "..\\calculator.c" 
..\calculator.c: In function 'main':
..\calculator.c:51:15: warning: operation on 'i' may be undefined [-Wsequence-point]
  printf("%d",i++ + i++);
              ~^~
gcc -o EX8.exe calculator.o 
Info: Nothing to build for EX1
Info: Nothing to build for EX2
Info: Nothing to build for EX3
Info: Nothing to build for EX4
Info: Nothing to build for EX5
Info: Nothing to build for EX6
Info: Nothing to build for EX7
15:04:17 **** Incremental Build of configuration Debug for project EX8 ****
Info: Configuration "Debug" uses tool-chain "MinGW GCC" that is unsupported on this system, attempting to build anyway.
Info: Internal Builder is used for build
gcc -O0 -g3 -Wall -c -fmessage-length=0 -o calculator.o "..\\calculator.c" 
..\calculator.c: In function 'main':
..\calculator.c:51:15: warning: operation on 'i' may be undefined [-Wsequence-point]
  printf("%d",i++ + i++);
              ~^~
gcc -o EX8.exe calculator.o 
Info: Nothing to build for EX8
Info: Nothing to build for EX1
Info: Nothing to build for EX2
Info: Nothing to build for EX3
Info: Nothing to build for EX4
Info: Nothing to build for EX5
Info: Nothing to build for EX6
Info: Nothing to build for EX7
15:04:36 **** Incremental Build of configuration Debug for project EX8 ****
Info: Configuration "Debug" uses tool-chain "MinGW GCC" that is unsupported on this system, attempting to build anyway.
Info: Internal Builder is used for build
gcc -O0 -g3 -Wall -c -fmessage-length=0 -o calculator.o "..\\calculator.c" 
..\calculator.c: In function 'main':
..\calculator.c:51:18: warning: operation on 'i' may be undefined [-Wsequence-point]
  printf("%d %d",i++ + i++,i);
                 ~^~
..\calculator.c:51:18: warning: operation on 'i' may be undefined [-Wsequence-point]
gcc -o EX8.exe calculator.o 
Info: Nothing to build for EX8
Info: Nothing to build for EX1
Info: Nothing to build for EX2
Info: Nothing to build for EX3
Info: Nothing to build for EX4
Info: Nothing to build for EX5
Info: Nothing to build for EX6
Info: Nothing to build for EX7
15:11:02 **** Incremental Build of configuration Debug for project EX8 ****
Info: Configuration "Debug" uses tool-chain "MinGW GCC" that is unsupported on this system, attempting to build anyway.
Info: Internal Builder is used for build
gcc -O0 -g3 -Wall -c -fmessage-length=0 -o calculator.o "..\\calculator.c" 
..\calculator.c: In function 'main':
..\calculator.c:52:17: error: expected ';' before 'else'
   printf("TRUE")
                 ^
                 ;
   else
   ~~~~           
Info: Nothing to build for EX1
Info: Nothing to build for EX2
Info: Nothing to build for EX3
Info: Nothing to build for EX4
Info: Nothing to build for EX5
Info: Nothing to build for EX6
Info: Nothing to build for EX7
15:11:06 **** Incremental Build of configuration Debug for project EX8 ****
Info: Configuration "Debug" uses tool-chain "MinGW GCC" that is unsupported on this system, attempting to build anyway.
Info: Internal Builder is used for build
gcc -O0 -g3 -Wall -c -fmessage-length=0 -o calculator.o "..\\calculator.c" 
gcc -o EX8.exe calculator.o 
Info: Nothing to build for EX8
Info: Nothing to build for EX1
Info: Nothing to build for EX2
Info: Nothing to build for EX3
Info: Nothing to build for EX4
Info: Nothing to build for EX5
Info: Nothing to build for EX6
Info: Nothing to build for EX7
15:12:51 **** Incremental Build of configuration Debug for project EX8 ****
Info: Configuration "Debug" uses tool-chain "MinGW GCC" that is unsupported on this system, attempting to build anyway.
Info: Internal Builder is used for build
gcc -O0 -g3 -Wall -c -fmessage-length=0 -o calculator.o "..\\calculator.c" 
..\calculator.c: In function 'main':
..\calculator.c:51:15: error: lvalue required as left operand of assignment
 char ch = 'a' = 97;
               ^
..\calculator.c:56:1: error: duplicate case value
 case 'a':
 ^~~~
..\calculator.c:53:1: note: previously used here
 case 97:
 ^~~~
Info: Nothing to build for EX1
Info: Nothing to build for EX2
Info: Nothing to build for EX3
Info: Nothing to build for EX4
Info: Nothing to build for EX5
Info: Nothing to build for EX6
Info: Nothing to build for EX7
15:13:12 **** Incremental Build of configuration Debug for project EX8 ****
Info: Configuration "Debug" uses tool-chain "MinGW GCC" that is unsupported on this system, attempting to build anyway.
Info: Internal Builder is used for build
gcc -O0 -g3 -Wall -c -fmessage-length=0 -o calculator.o "..\\calculator.c" 
..\calculator.c: In function 'main':
..\calculator.c:56:1: error: duplicate case value
 case 'a':
 ^~~~
..\calculator.c:53:1: note: previously used here
 case 97:
 ^~~~
Info: Nothing to build for EX1
Info: Nothing to build for EX2
Info: Nothing to build for EX3
Info: Nothing to build for EX4
Info: Nothing to build for EX5
Info: Nothing to build for EX6
Info: Nothing to build for EX7
15:14:46 **** Incremental Build of configuration Debug for project EX8 ****
Info: Configuration "Debug" uses tool-chain "MinGW GCC" that is unsupported on this system, attempting to build anyway.
Info: Internal Builder is used for build
gcc -O0 -g3 -Wall -c -fmessage-length=0 -o calculator.o "..\\calculator.c" 
..\calculator.c: In function 'main':
..\calculator.c:53:5: warning: suggest parentheses around comparison in operand of '==' [-Wparentheses]
 if(a==b==c)
    ~^~~
gcc -o EX8.exe calculator.o 
Info: Nothing to build for EX8
Info: Nothing to build for EX1
Info: Nothing to build for EX2
Info: Nothing to build for EX3
Info: Nothing to build for EX4
Info: Nothing to build for EX5
Info: Nothing to build for EX6
Info: Nothing to build for EX7
Info: Nothing to build for EX8
Info: Nothing to build for EX1
Info: Nothing to build for EX2
Info: Nothing to build for EX3
Info: Nothing to build for EX4
Info: Nothing to build for EX5
Info: Nothing to build for EX6
Info: Nothing to build for EX7
15:15:07 **** Incremental Build of configuration Debug for project EX8 ****
Info: Configuration "Debug" uses tool-chain "MinGW GCC" that is unsupported on this system, attempting to build anyway.
Info: Internal Builder is used for build
gcc -O0 -g3 -Wall -c -fmessage-length=0 -o calculator.o "..\\calculator.c" 
..\calculator.c: In function 'main':
..\calculator.c:53:5: warning: suggest parentheses around comparison in operand of '==' [-Wparentheses]
 if(a==b==c)
    ~^~~
gcc -o EX8.exe calculator.o 
Info: Nothing to build for EX8
